This file contains any messages produced by compilers while
running configure, to aid debugging if configure makes a mistake.

It was created by configure, which was
generated by GNU Autoconf 2.65.  Invocation command line was

  $ ./configure --prefix=/home/zhangtianchuan/Gpl819/DIR819/build/tmpdist --host=mipsel-linux --disable-shared host_alias=mipsel-linux CC=mipsel-linux-gcc CFLAGS=-Dlinux -D__linux__ -Dunix  -D_LINUX_2_6_ -I. -I/opt/buildroot-gcc342/mipsel-linux//include -I/home/zhangtianchuan/Gpl819/DIR819/build/kernel/linux-2.6.36.x/include -I/opt/buildroot-gcc342/mipsel-linux//../lib/gcc-lib/mips-linux-uclibc/3.3.5/include CPP=mipsel-linux-gcc -E LIBNFNETLINK_CFLAGS=-I/home/zhangtianchuan/Gpl819/DIR819/build/tmpdist/include LIBNFNETLINK_LIBS=-L/home/zhangtianchuan/Gpl819/DIR819/build/tmpdist/lib -lnfnetlink --no-create --no-recursion

## --------- ##
## Platform. ##
## --------- ##

hostname = wireless
uname -m = i686
uname -r = 2.6.32-642.3.1.el6.i686
uname -s = Linux
uname -v = #1 SMP Tue Jul 12 17:53:37 UTC 2016

/usr/bin/uname -p = unknown
/bin/uname -X     = unknown

/bin/arch              = i686
/usr/bin/arch -k       = unknown
/usr/convex/getsysinfo = unknown
/usr/bin/hostinfo      = unknown
/bin/machine           = unknown
/usr/bin/oslevel       = unknown
/bin/universe          = unknown

PATH: /usr/local/bin
PATH: /bin
PATH: /usr/bin
PATH: /usr/local/sbin
PATH: /usr/sbin
PATH: /sbin
PATH: /home/zhangtianchuan/bin
PATH: /home/zhangtianchuan/Gpl819/DIR819/tools
PATH: /opt/buildroot-gcc342/bin/
PATH: /home/zhangtianchuan/Gpl819/DIR819/tools
PATH: /opt/buildroot-gcc342/bin/
PATH: /home/zhangtianchuan/Gpl819/DIR819/tools
PATH: /opt/buildroot-gcc342/bin/
PATH: /home/zhangtianchuan/Gpl819/DIR819/tools
PATH: /opt/buildroot-gcc342/bin/


## ----------- ##
## Core tests. ##
## ----------- ##

configure:2552: checking build system type
configure:2566: result: i686-pc-linux-gnu
configure:2586: checking host system type
configure:2599: result: mipsel-unknown-linux-gnu
configure:2619: checking target system type
configure:2632: result: mipsel-unknown-linux-gnu
configure:2675: checking for a BSD-compatible install
configure:2743: result: /usr/bin/install -c
configure:2754: checking whether build environment is sane
configure:2791: result: yes
configure:2821: checking for gawk
configure:2848: result: awk
configure:2859: checking whether make sets $(MAKE)
configure:2881: result: yes
configure:2958: checking for mipsel-linux-strip
configure:2985: result: mipsel-linux-strip
configure:3064: checking for mipsel-linux-gcc
configure:3091: result: mipsel-linux-gcc
configure:3360: checking for C compiler version
configure:3369: mipsel-linux-gcc --version >&5
mipsel-linux-gcc (GCC) 3.4.2
Copyright (C) 2004 Free Software Foundation, Inc.
This is free software; see the source for copying conditions.  There is NO
warranty; not even for MERCHANTABILITY or FITNESS FOR A PARTICULAR PURPOSE.

configure:3380: $? = 0
configure:3369: mipsel-linux-gcc -v >&5
Reading specs from /opt/buildroot-gcc342/bin/../lib/gcc/mipsel-linux-uclibc/3.4.2/specs
Configured with: /home/winfred/RT288x_SDK/toolchain/buildroot/toolchain_build_mipsel/gcc-3.4.2/configure --prefix=/home/winfred/RT288x_SDK/toolchain/buildroot-gdb --build=i386-pc-linux-gnu --host=i386-pc-linux-gnu --target=mipsel-linux-uclibc --enable-languages=c,c++ --disable-__cxa_atexit --enable-target-optspace --with-gnu-ld --disable-shared --disable-nls --enable-threads --enable-multilib --enable-sjlj-exceptions : (reconfigured) /home/winfred/RT288x_SDK/toolchain/buildroot/toolchain_build_mipsel/gcc-3.4.2/configure --prefix=/home/winfred/RT288x_SDK/toolchain/buildroot-gdb --build=i386-pc-linux-gnu --host=i386-pc-linux-gnu --target=mipsel-linux-uclibc --enable-languages=c,c++ --disable-__cxa_atexit --enable-target-optspace --with-gnu-ld --disable-shared --disable-nls --enable-threads --enable-multilib --enable-sjlj-exceptions
Thread model: posix
gcc version 3.4.2
configure:3380: $? = 0
configure:3369: mipsel-linux-gcc -V >&5
mipsel-linux-gcc: `-V' option must have argument
configure:3380: $? = 1
configure:3369: mipsel-linux-gcc -qversion >&5
mipsel-linux-gcc: unrecognized option `-qversion'
mipsel-linux-gcc: no input files
configure:3380: $? = 1
configure:3400: checking whether the C compiler works
configure:3422: mipsel-linux-gcc -Dlinux -D__linux__ -Dunix  -D_LINUX_2_6_ -I. -I/opt/buildroot-gcc342/mipsel-linux//include -I/home/zhangtianchuan/Gpl819/DIR819/build/kernel/linux-2.6.36.x/include -I/opt/buildroot-gcc342/mipsel-linux//../lib/gcc-lib/mips-linux-uclibc/3.3.5/include   conftest.c  >&5
configure:3426: $? = 0
configure:3475: result: yes
configure:3478: checking for C compiler default output file name
configure:3480: result: a.out
configure:3486: checking for suffix of executables
configure:3493: mipsel-linux-gcc -o conftest -Dlinux -D__linux__ -Dunix  -D_LINUX_2_6_ -I. -I/opt/buildroot-gcc342/mipsel-linux//include -I/home/zhangtianchuan/Gpl819/DIR819/build/kernel/linux-2.6.36.x/include -I/opt/buildroot-gcc342/mipsel-linux//../lib/gcc-lib/mips-linux-uclibc/3.3.5/include   conftest.c  >&5
configure:3497: $? = 0
configure:3519: result: 
configure:3541: checking whether we are cross compiling
configure:3549: mipsel-linux-gcc -o conftest -Dlinux -D__linux__ -Dunix  -D_LINUX_2_6_ -I. -I/opt/buildroot-gcc342/mipsel-linux//include -I/home/zhangtianchuan/Gpl819/DIR819/build/kernel/linux-2.6.36.x/include -I/opt/buildroot-gcc342/mipsel-linux//../lib/gcc-lib/mips-linux-uclibc/3.3.5/include   conftest.c  >&5
configure:3553: $? = 0
configure:3560: ./conftest
./configure: line 3562: ./conftest: cannot execute binary file
configure:3564: $? = 126
configure:3579: result: yes
configure:3584: checking for suffix of object files
configure:3606: mipsel-linux-gcc -c -Dlinux -D__linux__ -Dunix  -D_LINUX_2_6_ -I. -I/opt/buildroot-gcc342/mipsel-linux//include -I/home/zhangtianchuan/Gpl819/DIR819/build/kernel/linux-2.6.36.x/include -I/opt/buildroot-gcc342/mipsel-linux//../lib/gcc-lib/mips-linux-uclibc/3.3.5/include  conftest.c >&5
configure:3610: $? = 0
configure:3631: result: o
configure:3635: checking whether we are using the GNU C compiler
configure:3654: mipsel-linux-gcc -c -Dlinux -D__linux__ -Dunix  -D_LINUX_2_6_ -I. -I/opt/buildroot-gcc342/mipsel-linux//include -I/home/zhangtianchuan/Gpl819/DIR819/build/kernel/linux-2.6.36.x/include -I/opt/buildroot-gcc342/mipsel-linux//../lib/gcc-lib/mips-linux-uclibc/3.3.5/include  conftest.c >&5
configure:3654: $? = 0
configure:3663: result: yes
configure:3672: checking whether mipsel-linux-gcc accepts -g
configure:3692: mipsel-linux-gcc -c -g  conftest.c >&5
configure:3692: $? = 0
configure:3733: result: yes
configure:3750: checking for mipsel-linux-gcc option to accept ISO C89
configure:3814: mipsel-linux-gcc  -c -Dlinux -D__linux__ -Dunix  -D_LINUX_2_6_ -I. -I/opt/buildroot-gcc342/mipsel-linux//include -I/home/zhangtianchuan/Gpl819/DIR819/build/kernel/linux-2.6.36.x/include -I/opt/buildroot-gcc342/mipsel-linux//../lib/gcc-lib/mips-linux-uclibc/3.3.5/include  conftest.c >&5
configure:3814: $? = 0
configure:3827: result: none needed
configure:3858: checking for style of include used by make
configure:3886: result: GNU
configure:3914: checking dependency style of mipsel-linux-gcc
configure:3997: result: gcc3
configure:4086: checking for a sed that does not truncate output
configure:4142: result: /bin/sed
configure:4145: checking for grep that handles long lines and -e
configure:4203: result: /bin/grep
configure:4208: checking for egrep
configure:4270: result: /bin/grep -E
configure:4286: checking for ld used by mipsel-linux-gcc
configure:4353: result: mipsel-linux-ld
configure:4360: checking if the linker (mipsel-linux-ld) is GNU ld
configure:4375: result: yes
configure:4380: checking for mipsel-linux-ld option to reload object files
configure:4387: result: -r
configure:4405: checking for BSD-compatible nm
configure:4454: result: mipsel-linux-nm
configure:4458: checking whether ln -s works
configure:4462: result: yes
configure:4469: checking how to recognize dependent libraries
configure:4655: result: pass_all
configure:4871: checking how to run the C preprocessor
configure:4941: result: mipsel-linux-gcc -E
configure:4961: mipsel-linux-gcc -E  conftest.c
configure:4961: $? = 0
configure:4975: mipsel-linux-gcc -E  conftest.c
conftest.c:11:28: ac_nonexistent.h: No such file or directory
configure:4975: $? = 1
configure: failed program was:
| /* confdefs.h */
| #define PACKAGE_NAME ""
| #define PACKAGE_TARNAME ""
| #define PACKAGE_VERSION ""
| #define PACKAGE_STRING ""
| #define PACKAGE_BUGREPORT ""
| #define PACKAGE_URL ""
| #define PACKAGE "libnetfilter_conntrack"
| #define VERSION "0.0.89"
| /* end confdefs.h.  */
| #include <ac_nonexistent.h>
configure:5004: checking for ANSI C header files
configure:5024: mipsel-linux-gcc -c -Dlinux -D__linux__ -Dunix  -D_LINUX_2_6_ -I. -I/opt/buildroot-gcc342/mipsel-linux//include -I/home/zhangtianchuan/Gpl819/DIR819/build/kernel/linux-2.6.36.x/include -I/opt/buildroot-gcc342/mipsel-linux//../lib/gcc-lib/mips-linux-uclibc/3.3.5/include  conftest.c >&5
configure:5024: $? = 0
configure:5108: result: yes
configure:5121: checking for sys/types.h
configure:5121: mipsel-linux-gcc -c -Dlinux -D__linux__ -Dunix  -D_LINUX_2_6_ -I. -I/opt/buildroot-gcc342/mipsel-linux//include -I/home/zhangtianchuan/Gpl819/DIR819/build/kernel/linux-2.6.36.x/include -I/opt/buildroot-gcc342/mipsel-linux//../lib/gcc-lib/mips-linux-uclibc/3.3.5/include  conftest.c >&5
configure:5121: $? = 0
configure:5121: result: yes
configure:5121: checking for sys/stat.h
configure:5121: mipsel-linux-gcc -c -Dlinux -D__linux__ -Dunix  -D_LINUX_2_6_ -I. -I/opt/buildroot-gcc342/mipsel-linux//include -I/home/zhangtianchuan/Gpl819/DIR819/build/kernel/linux-2.6.36.x/include -I/opt/buildroot-gcc342/mipsel-linux//../lib/gcc-lib/mips-linux-uclibc/3.3.5/include  conftest.c >&5
configure:5121: $? = 0
configure:5121: result: yes
configure:5121: checking for stdlib.h
configure:5121: mipsel-linux-gcc -c -Dlinux -D__linux__ -Dunix  -D_LINUX_2_6_ -I. -I/opt/buildroot-gcc342/mipsel-linux//include -I/home/zhangtianchuan/Gpl819/DIR819/build/kernel/linux-2.6.36.x/include -I/opt/buildroot-gcc342/mipsel-linux//../lib/gcc-lib/mips-linux-uclibc/3.3.5/include  conftest.c >&5
configure:5121: $? = 0
configure:5121: result: yes
configure:5121: checking for string.h
configure:5121: mipsel-linux-gcc -c -Dlinux -D__linux__ -Dunix  -D_LINUX_2_6_ -I. -I/opt/buildroot-gcc342/mipsel-linux//include -I/home/zhangtianchuan/Gpl819/DIR819/build/kernel/linux-2.6.36.x/include -I/opt/buildroot-gcc342/mipsel-linux//../lib/gcc-lib/mips-linux-uclibc/3.3.5/include  conftest.c >&5
configure:5121: $? = 0
configure:5121: result: yes
configure:5121: checking for memory.h
configure:5121: mipsel-linux-gcc -c -Dlinux -D__linux__ -Dunix  -D_LINUX_2_6_ -I. -I/opt/buildroot-gcc342/mipsel-linux//include -I/home/zhangtianchuan/Gpl819/DIR819/build/kernel/linux-2.6.36.x/include -I/opt/buildroot-gcc342/mipsel-linux//../lib/gcc-lib/mips-linux-uclibc/3.3.5/include  conftest.c >&5
configure:5121: $? = 0
configure:5121: result: yes
configure:5121: checking for strings.h
configure:5121: mipsel-linux-gcc -c -Dlinux -D__linux__ -Dunix  -D_LINUX_2_6_ -I. -I/opt/buildroot-gcc342/mipsel-linux//include -I/home/zhangtianchuan/Gpl819/DIR819/build/kernel/linux-2.6.36.x/include -I/opt/buildroot-gcc342/mipsel-linux//../lib/gcc-lib/mips-linux-uclibc/3.3.5/include  conftest.c >&5
configure:5121: $? = 0
configure:5121: result: yes
configure:5121: checking for inttypes.h
configure:5121: mipsel-linux-gcc -c -Dlinux -D__linux__ -Dunix  -D_LINUX_2_6_ -I. -I/opt/buildroot-gcc342/mipsel-linux//include -I/home/zhangtianchuan/Gpl819/DIR819/build/kernel/linux-2.6.36.x/include -I/opt/buildroot-gcc342/mipsel-linux//../lib/gcc-lib/mips-linux-uclibc/3.3.5/include  conftest.c >&5
configure:5121: $? = 0
configure:5121: result: yes
configure:5121: checking for stdint.h
configure:5121: mipsel-linux-gcc -c -Dlinux -D__linux__ -Dunix  -D_LINUX_2_6_ -I. -I/opt/buildroot-gcc342/mipsel-linux//include -I/home/zhangtianchuan/Gpl819/DIR819/build/kernel/linux-2.6.36.x/include -I/opt/buildroot-gcc342/mipsel-linux//../lib/gcc-lib/mips-linux-uclibc/3.3.5/include  conftest.c >&5
configure:5121: $? = 0
configure:5121: result: yes
configure:5121: checking for unistd.h
configure:5121: mipsel-linux-gcc -c -Dlinux -D__linux__ -Dunix  -D_LINUX_2_6_ -I. -I/opt/buildroot-gcc342/mipsel-linux//include -I/home/zhangtianchuan/Gpl819/DIR819/build/kernel/linux-2.6.36.x/include -I/opt/buildroot-gcc342/mipsel-linux//../lib/gcc-lib/mips-linux-uclibc/3.3.5/include  conftest.c >&5
configure:5121: $? = 0
configure:5121: result: yes
configure:5136: checking dlfcn.h usability
configure:5136: mipsel-linux-gcc -c -Dlinux -D__linux__ -Dunix  -D_LINUX_2_6_ -I. -I/opt/buildroot-gcc342/mipsel-linux//include -I/home/zhangtianchuan/Gpl819/DIR819/build/kernel/linux-2.6.36.x/include -I/opt/buildroot-gcc342/mipsel-linux//../lib/gcc-lib/mips-linux-uclibc/3.3.5/include  conftest.c >&5
configure:5136: $? = 0
configure:5136: result: yes
configure:5136: checking dlfcn.h presence
configure:5136: mipsel-linux-gcc -E  conftest.c
configure:5136: $? = 0
configure:5136: result: yes
configure:5136: checking for dlfcn.h
configure:5136: result: yes
configure:5160: checking for mipsel-linux-g++
configure:5176: found /opt/buildroot-gcc342/bin//mipsel-linux-g++
configure:5187: result: mipsel-linux-g++
configure:5258: checking for C++ compiler version
configure:5267: mipsel-linux-g++ --version >&5
mipsel-linux-g++ (GCC) 3.4.2
Copyright (C) 2004 Free Software Foundation, Inc.
This is free software; see the source for copying conditions.  There is NO
warranty; not even for MERCHANTABILITY or FITNESS FOR A PARTICULAR PURPOSE.

configure:5278: $? = 0
configure:5267: mipsel-linux-g++ -v >&5
Reading specs from /opt/buildroot-gcc342/bin/../lib/gcc/mipsel-linux-uclibc/3.4.2/specs
Configured with: /home/winfred/RT288x_SDK/toolchain/buildroot/toolchain_build_mipsel/gcc-3.4.2/configure --prefix=/home/winfred/RT288x_SDK/toolchain/buildroot-gdb --build=i386-pc-linux-gnu --host=i386-pc-linux-gnu --target=mipsel-linux-uclibc --enable-languages=c,c++ --disable-__cxa_atexit --enable-target-optspace --with-gnu-ld --disable-shared --disable-nls --enable-threads --enable-multilib --enable-sjlj-exceptions : (reconfigured) /home/winfred/RT288x_SDK/toolchain/buildroot/toolchain_build_mipsel/gcc-3.4.2/configure --prefix=/home/winfred/RT288x_SDK/toolchain/buildroot-gdb --build=i386-pc-linux-gnu --host=i386-pc-linux-gnu --target=mipsel-linux-uclibc --enable-languages=c,c++ --disable-__cxa_atexit --enable-target-optspace --with-gnu-ld --disable-shared --disable-nls --enable-threads --enable-multilib --enable-sjlj-exceptions
Thread model: posix
gcc version 3.4.2
configure:5278: $? = 0
configure:5267: mipsel-linux-g++ -V >&5
mipsel-linux-g++: `-V' option must have argument
configure:5278: $? = 1
configure:5267: mipsel-linux-g++ -qversion >&5
mipsel-linux-g++: unrecognized option `-qversion'
mipsel-linux-g++: no input files
configure:5278: $? = 1
configure:5282: checking whether we are using the GNU C++ compiler
configure:5301: mipsel-linux-g++ -c   conftest.cpp >&5
configure:5301: $? = 0
configure:5310: result: yes
configure:5319: checking whether mipsel-linux-g++ accepts -g
configure:5339: mipsel-linux-g++ -c -g  conftest.cpp >&5
configure:5339: $? = 0
configure:5380: result: yes
configure:5405: checking dependency style of mipsel-linux-g++
configure:5488: result: gcc3
configure:5515: checking how to run the C++ preprocessor
configure:5542: mipsel-linux-g++ -E  conftest.cpp
configure:5542: $? = 0
configure:5556: mipsel-linux-g++ -E  conftest.cpp
conftest.cpp:22:28: ac_nonexistent.h: No such file or directory
configure:5556: $? = 1
configure: failed program was:
| /* confdefs.h */
| #define PACKAGE_NAME ""
| #define PACKAGE_TARNAME ""
| #define PACKAGE_VERSION ""
| #define PACKAGE_STRING ""
| #define PACKAGE_BUGREPORT ""
| #define PACKAGE_URL ""
| #define PACKAGE "libnetfilter_conntrack"
| #define VERSION "0.0.89"
| #define STDC_HEADERS 1
| #define HAVE_SYS_TYPES_H 1
| #define HAVE_SYS_STAT_H 1
| #define HAVE_STDLIB_H 1
| #define HAVE_STRING_H 1
| #define HAVE_MEMORY_H 1
| #define HAVE_STRINGS_H 1
| #define HAVE_INTTYPES_H 1
| #define HAVE_STDINT_H 1
| #define HAVE_UNISTD_H 1
| #define HAVE_DLFCN_H 1
| /* end confdefs.h.  */
| #include <ac_nonexistent.h>
configure:5581: result: mipsel-linux-g++ -E
configure:5601: mipsel-linux-g++ -E  conftest.cpp
configure:5601: $? = 0
configure:5615: mipsel-linux-g++ -E  conftest.cpp
conftest.cpp:22:28: ac_nonexistent.h: No such file or directory
configure:5615: $? = 1
configure: failed program was:
| /* confdefs.h */
| #define PACKAGE_NAME ""
| #define PACKAGE_TARNAME ""
| #define PACKAGE_VERSION ""
| #define PACKAGE_STRING ""
| #define PACKAGE_BUGREPORT ""
| #define PACKAGE_URL ""
| #define PACKAGE "libnetfilter_conntrack"
| #define VERSION "0.0.89"
| #define STDC_HEADERS 1
| #define HAVE_SYS_TYPES_H 1
| #define HAVE_SYS_STAT_H 1
| #define HAVE_STDLIB_H 1
| #define HAVE_STRING_H 1
| #define HAVE_MEMORY_H 1
| #define HAVE_STRINGS_H 1
| #define HAVE_INTTYPES_H 1
| #define HAVE_STDINT_H 1
| #define HAVE_UNISTD_H 1
| #define HAVE_DLFCN_H 1
| /* end confdefs.h.  */
| #include <ac_nonexistent.h>
configure:5655: checking for mipsel-linux-g77
configure:5685: result: no
configure:5655: checking for mipsel-linux-xlf
configure:5685: result: no
configure:5655: checking for mipsel-linux-f77
configure:5685: result: no
configure:5655: checking for mipsel-linux-frt
configure:5685: result: no
configure:5655: checking for mipsel-linux-pgf77
configure:5685: result: no
configure:5655: checking for mipsel-linux-cf77
configure:5685: result: no
configure:5655: checking for mipsel-linux-fort77
configure:5685: result: no
configure:5655: checking for mipsel-linux-fl32
configure:5685: result: no
configure:5655: checking for mipsel-linux-af77
configure:5685: result: no
configure:5655: checking for mipsel-linux-xlf90
configure:5685: result: no
configure:5655: checking for mipsel-linux-f90
configure:5685: result: no
configure:5655: checking for mipsel-linux-pgf90
configure:5685: result: no
configure:5655: checking for mipsel-linux-pghpf
configure:5685: result: no
configure:5655: checking for mipsel-linux-epcf90
configure:5685: result: no
configure:5655: checking for mipsel-linux-gfortran
configure:5685: result: no
configure:5655: checking for mipsel-linux-g95
configure:5685: result: no
configure:5655: checking for mipsel-linux-xlf95
configure:5685: result: no
configure:5655: checking for mipsel-linux-f95
configure:5685: result: no
configure:5655: checking for mipsel-linux-fort
configure:5685: result: no
configure:5655: checking for mipsel-linux-ifort
configure:5685: result: no
configure:5655: checking for mipsel-linux-ifc
configure:5685: result: no
configure:5655: checking for mipsel-linux-efc
configure:5685: result: no
configure:5655: checking for mipsel-linux-pgf95
configure:5685: result: no
configure:5655: checking for mipsel-linux-lf95
configure:5685: result: no
configure:5655: checking for mipsel-linux-ftn
configure:5685: result: no
configure:5699: checking for g77
configure:5729: result: no
configure:5699: checking for xlf
configure:5729: result: no
configure:5699: checking for f77
configure:5729: result: no
configure:5699: checking for frt
configure:5729: result: no
configure:5699: checking for pgf77
configure:5729: result: no
configure:5699: checking for cf77
configure:5729: result: no
configure:5699: checking for fort77
configure:5729: result: no
configure:5699: checking for fl32
configure:5729: result: no
configure:5699: checking for af77
configure:5729: result: no
configure:5699: checking for xlf90
configure:5729: result: no
configure:5699: checking for f90
configure:5729: result: no
configure:5699: checking for pgf90
configure:5729: result: no
configure:5699: checking for pghpf
configure:5729: result: no
configure:5699: checking for epcf90
configure:5729: result: no
configure:5699: checking for gfortran
configure:5715: found /usr/bin/gfortran
configure:5726: result: gfortran
configure:5742: WARNING: using cross tools not prefixed with host triplet
configure:5752: checking for Fortran 77 compiler version
configure:5761: gfortran --version >&5
GNU Fortran (GCC) 4.4.7 20120313 (Red Hat 4.4.7-17)
Copyright (C) 2010 Free Software Foundation, Inc.

GNU Fortran comes with NO WARRANTY, to the extent permitted by law.
You may redistribute copies of GNU Fortran
under the terms of the GNU General Public License.
For more information about these matters, see the file named COPYING

configure:5772: $? = 0
configure:5761: gfortran -v >&5
Using built-in specs.
Target: i686-redhat-linux
Configured with: ../configure --prefix=/usr --mandir=/usr/share/man --infodir=/usr/share/info --with-bugurl=http://bugzilla.redhat.com/bugzilla --enable-bootstrap --enable-shared --enable-threads=posix --enable-checking=release --with-system-zlib --enable-__cxa_atexit --disable-libunwind-exceptions --enable-gnu-unique-object --enable-languages=c,c++,objc,obj-c++,java,fortran,ada --enable-java-awt=gtk --disable-dssi --with-java-home=/usr/lib/jvm/java-1.5.0-gcj-1.5.0.0/jre --enable-libgcj-multifile --enable-java-maintainer-mode --with-ecj-jar=/usr/share/java/eclipse-ecj.jar --disable-libjava-multilib --with-ppl --with-cloog --with-tune=generic --with-arch=i686 --build=i686-redhat-linux
Thread model: posix
gcc version 4.4.7 20120313 (Red Hat 4.4.7-17) (GCC) 
configure:5772: $? = 0
configure:5761: gfortran -V >&5
gfortran: '-V' option must have argument
configure:5772: $? = 1
configure:5761: gfortran -qversion >&5
gfortran: unrecognized option '-qversion'
gfortran: no input files
configure:5772: $? = 1
configure:5781: checking whether we are using the GNU Fortran 77 compiler
configure:5794: gfortran -c  conftest.F >&5
configure:5794: $? = 0
configure:5803: result: yes
configure:5809: checking whether gfortran accepts -g
configure:5820: gfortran -c -g conftest.f >&5
configure:5820: $? = 0
configure:5828: result: yes
configure:5862: checking the maximum length of command line arguments
configure:5974: result: 1966080
configure:5986: checking command to parse mipsel-linux-nm output from mipsel-linux-gcc object
configure:6091: mipsel-linux-gcc -c -Dlinux -D__linux__ -Dunix  -D_LINUX_2_6_ -I. -I/opt/buildroot-gcc342/mipsel-linux//include -I/home/zhangtianchuan/Gpl819/DIR819/build/kernel/linux-2.6.36.x/include -I/opt/buildroot-gcc342/mipsel-linux//../lib/gcc-lib/mips-linux-uclibc/3.3.5/include  conftest.c >&5
configure:6094: $? = 0
configure:6098: mipsel-linux-nm conftest.o \| sed -n -e 's/^.*[ 	]\([ABCDGIRSTW][ABCDGIRSTW]*\)[ 	][ 	]*\([_A-Za-z][_A-Za-z0-9]*\)$/\1 \2 \2/p' \> conftest.nm
configure:6101: $? = 0
configure:6153: mipsel-linux-gcc -o conftest -Dlinux -D__linux__ -Dunix  -D_LINUX_2_6_ -I. -I/opt/buildroot-gcc342/mipsel-linux//include -I/home/zhangtianchuan/Gpl819/DIR819/build/kernel/linux-2.6.36.x/include -I/opt/buildroot-gcc342/mipsel-linux//../lib/gcc-lib/mips-linux-uclibc/3.3.5/include   conftest.c conftstm.o >&5
configure:6156: $? = 0
configure:6194: result: ok
configure:6198: checking for objdir
configure:6213: result: .libs
configure:6265: checking for mipsel-linux-ar
configure:6292: result: mipsel-linux-ar
configure:6357: checking for mipsel-linux-ranlib
configure:6384: result: mipsel-linux-ranlib
configure:6449: checking for mipsel-linux-strip
configure:6476: result: mipsel-linux-strip
configure:6798: checking if mipsel-linux-gcc supports -fno-rtti -fno-exceptions
configure:6816: mipsel-linux-gcc -c -Dlinux -D__linux__ -Dunix  -D_LINUX_2_6_ -I. -I/opt/buildroot-gcc342/mipsel-linux//include -I/home/zhangtianchuan/Gpl819/DIR819/build/kernel/linux-2.6.36.x/include -I/opt/buildroot-gcc342/mipsel-linux//../lib/gcc-lib/mips-linux-uclibc/3.3.5/include  -fno-rtti -fno-exceptions conftest.c >&5
cc1: warning: command line option "-fno-rtti" is valid for C++/ObjC++ but not for C
configure:6820: $? = 0
configure:6833: result: no
configure:6848: checking for mipsel-linux-gcc option to produce PIC
configure:7080: result: -fPIC
configure:7088: checking if mipsel-linux-gcc PIC flag -fPIC works
configure:7106: mipsel-linux-gcc -c -Dlinux -D__linux__ -Dunix  -D_LINUX_2_6_ -I. -I/opt/buildroot-gcc342/mipsel-linux//include -I/home/zhangtianchuan/Gpl819/DIR819/build/kernel/linux-2.6.36.x/include -I/opt/buildroot-gcc342/mipsel-linux//../lib/gcc-lib/mips-linux-uclibc/3.3.5/include  -fPIC -DPIC conftest.c >&5
configure:7110: $? = 0
configure:7123: result: yes
configure:7151: checking if mipsel-linux-gcc static flag -static works
configure:7179: result: yes
configure:7189: checking if mipsel-linux-gcc supports -c -o file.o
configure:7210: mipsel-linux-gcc -c -Dlinux -D__linux__ -Dunix  -D_LINUX_2_6_ -I. -I/opt/buildroot-gcc342/mipsel-linux//include -I/home/zhangtianchuan/Gpl819/DIR819/build/kernel/linux-2.6.36.x/include -I/opt/buildroot-gcc342/mipsel-linux//../lib/gcc-lib/mips-linux-uclibc/3.3.5/include  -o out/conftest2.o conftest.c >&5
configure:7214: $? = 0
configure:7236: result: yes
configure:7262: checking whether the mipsel-linux-gcc linker (mipsel-linux-ld) supports shared libraries
configure:8189: result: yes
configure:8256: checking dynamic linker characteristics
configure:8870: result: GNU/Linux ld.so
configure:8879: checking how to hardcode library paths into programs
configure:8904: result: immediate
configure:8918: checking whether stripping libraries is possible
configure:8923: result: yes
configure:9440: checking if libtool supports shared libraries
configure:9442: result: yes
configure:9445: checking whether to build shared libraries
configure:9466: result: no
configure:9469: checking whether to build static libraries
configure:9473: result: yes
configure:9566: creating libtool
configure:10150: checking for ld used by mipsel-linux-g++
configure:10217: result: mipsel-linux-ld
configure:10224: checking if the linker (mipsel-linux-ld) is GNU ld
configure:10239: result: yes
configure:10290: checking whether the mipsel-linux-g++ linker (mipsel-linux-ld) supports shared libraries
configure:11210: result: yes
configure:11228: mipsel-linux-g++ -c -g -O2  conftest.cpp >&5
configure:11231: $? = 0
configure:11383: checking for mipsel-linux-g++ option to produce PIC
configure:11667: result: -fPIC
configure:11675: checking if mipsel-linux-g++ PIC flag -fPIC works
configure:11693: mipsel-linux-g++ -c -g -O2  -fPIC -DPIC conftest.cpp >&5
configure:11697: $? = 0
configure:11710: result: yes
configure:11738: checking if mipsel-linux-g++ static flag -static works
configure:11766: result: yes
configure:11776: checking if mipsel-linux-g++ supports -c -o file.o
configure:11797: mipsel-linux-g++ -c -g -O2  -o out/conftest2.o conftest.cpp >&5
configure:11801: $? = 0
configure:11823: result: yes
configure:11849: checking whether the mipsel-linux-g++ linker (mipsel-linux-ld) supports shared libraries
configure:11877: result: yes
configure:11944: checking dynamic linker characteristics
configure:12506: result: GNU/Linux ld.so
configure:12515: checking how to hardcode library paths into programs
configure:12540: result: immediate
configure:13074: checking if libtool supports shared libraries
configure:13076: result: yes
configure:13079: checking whether to build shared libraries
configure:13099: result: no
configure:13102: checking whether to build static libraries
configure:13106: result: yes
configure:13116: checking for gfortran option to produce PIC
configure:13348: result: -fPIC
configure:13356: checking if gfortran PIC flag -fPIC works
configure:13374: gfortran -c -g -O2 -fPIC conftest.f >&5
configure:13378: $? = 0
configure:13391: result: yes
configure:13419: checking if gfortran static flag -static works
configure:13447: result: yes
configure:13457: checking if gfortran supports -c -o file.o
configure:13478: gfortran -c -g -O2 -o out/conftest2.o conftest.f >&5
configure:13482: $? = 0
configure:13504: result: yes
configure:13530: checking whether the gfortran linker (mipsel-linux-ld) supports shared libraries
configure:14445: result: yes
configure:14512: checking dynamic linker characteristics
configure:15074: result: GNU/Linux ld.so
configure:15083: checking how to hardcode library paths into programs
configure:15108: result: immediate
configure:18634: checking whether ln -s works
configure:18638: result: yes
configure:18661: checking for mipsel-linux-pkg-config
configure:18694: result: no
configure:18704: checking for pkg-config
configure:18722: found /usr/bin/pkg-config
configure:18734: result: /usr/bin/pkg-config
configure:18759: checking pkg-config is at least version 0.9.0
configure:18762: result: yes
configure:18773: checking for LIBNFNETLINK
configure:18838: result: yes
configure:18845: checking arpa/inet.h usability
configure:18845: mipsel-linux-gcc -c -Dlinux -D__linux__ -Dunix  -D_LINUX_2_6_ -I. -I/opt/buildroot-gcc342/mipsel-linux//include -I/home/zhangtianchuan/Gpl819/DIR819/build/kernel/linux-2.6.36.x/include -I/opt/buildroot-gcc342/mipsel-linux//../lib/gcc-lib/mips-linux-uclibc/3.3.5/include  conftest.c >&5
configure:18845: $? = 0
configure:18845: result: yes
configure:18845: checking arpa/inet.h presence
configure:18845: mipsel-linux-gcc -E  conftest.c
configure:18845: $? = 0
configure:18845: result: yes
configure:18845: checking for arpa/inet.h
configure:18845: result: yes
configure:18857: checking for inet_ntop
configure:18857: mipsel-linux-gcc -o conftest -Dlinux -D__linux__ -Dunix  -D_LINUX_2_6_ -I. -I/opt/buildroot-gcc342/mipsel-linux//include -I/home/zhangtianchuan/Gpl819/DIR819/build/kernel/linux-2.6.36.x/include -I/opt/buildroot-gcc342/mipsel-linux//../lib/gcc-lib/mips-linux-uclibc/3.3.5/include   conftest.c  >&5
configure:18857: $? = 0
configure:18857: result: yes
configure:18867: checking if inet_ntop supports IPv6
configure:18870: result: no
configure:19081: creating ./config.status

## ---------------- ##
## Cache variables. ##
## ---------------- ##

ac_cv_build=i686-pc-linux-gnu
ac_cv_c_compiler_gnu=yes
ac_cv_cxx_compiler_gnu=yes
ac_cv_env_CCC_set=
ac_cv_env_CCC_value=
ac_cv_env_CC_set=set
ac_cv_env_CC_value=mipsel-linux-gcc
ac_cv_env_CFLAGS_set=set
ac_cv_env_CFLAGS_value='-Dlinux -D__linux__ -Dunix  -D_LINUX_2_6_ -I. -I/opt/buildroot-gcc342/mipsel-linux//include -I/home/zhangtianchuan/Gpl819/DIR819/build/kernel/linux-2.6.36.x/include -I/opt/buildroot-gcc342/mipsel-linux//../lib/gcc-lib/mips-linux-uclibc/3.3.5/include'
ac_cv_env_CPPFLAGS_set=
ac_cv_env_CPPFLAGS_value=
ac_cv_env_CPP_set=set
ac_cv_env_CPP_value='mipsel-linux-gcc -E'
ac_cv_env_CXXCPP_set=
ac_cv_env_CXXCPP_value=
ac_cv_env_CXXFLAGS_set=
ac_cv_env_CXXFLAGS_value=
ac_cv_env_CXX_set=
ac_cv_env_CXX_value=
ac_cv_env_F77_set=
ac_cv_env_F77_value=
ac_cv_env_FFLAGS_set=
ac_cv_env_FFLAGS_value=
ac_cv_env_LDFLAGS_set=
ac_cv_env_LDFLAGS_value=
ac_cv_env_LIBNFNETLINK_CFLAGS_set=set
ac_cv_env_LIBNFNETLINK_CFLAGS_value=-I/home/zhangtianchuan/Gpl819/DIR819/build/tmpdist/include
ac_cv_env_LIBNFNETLINK_LIBS_set=set
ac_cv_env_LIBNFNETLINK_LIBS_value='-L/home/zhangtianchuan/Gpl819/DIR819/build/tmpdist/lib -lnfnetlink'
ac_cv_env_LIBS_set=
ac_cv_env_LIBS_value=
ac_cv_env_PKG_CONFIG_set=
ac_cv_env_PKG_CONFIG_value=
ac_cv_env_build_alias_set=
ac_cv_env_build_alias_value=
ac_cv_env_host_alias_set=set
ac_cv_env_host_alias_value=mipsel-linux
ac_cv_env_target_alias_set=
ac_cv_env_target_alias_value=
ac_cv_f77_compiler_gnu=yes
ac_cv_func_inet_ntop=yes
ac_cv_header_arpa_inet_h=yes
ac_cv_header_dlfcn_h=yes
ac_cv_header_inttypes_h=yes
ac_cv_header_memory_h=yes
ac_cv_header_stdc=yes
ac_cv_header_stdint_h=yes
ac_cv_header_stdlib_h=yes
ac_cv_header_string_h=yes
ac_cv_header_strings_h=yes
ac_cv_header_sys_stat_h=yes
ac_cv_header_sys_types_h=yes
ac_cv_header_unistd_h=yes
ac_cv_host=mipsel-unknown-linux-gnu
ac_cv_objext=o
ac_cv_path_EGREP='/bin/grep -E'
ac_cv_path_GREP=/bin/grep
ac_cv_path_ac_pt_PKG_CONFIG=/usr/bin/pkg-config
ac_cv_path_install='/usr/bin/install -c'
ac_cv_prog_AR=mipsel-linux-ar
ac_cv_prog_AWK=awk
ac_cv_prog_CC=mipsel-linux-gcc
ac_cv_prog_CPP='mipsel-linux-gcc -E'
ac_cv_prog_CXX=mipsel-linux-g++
ac_cv_prog_CXXCPP='mipsel-linux-g++ -E'
ac_cv_prog_RANLIB=mipsel-linux-ranlib
ac_cv_prog_STRIP=mipsel-linux-strip
ac_cv_prog_ac_ct_F77=gfortran
ac_cv_prog_cc_c89=
ac_cv_prog_cc_g=yes
ac_cv_prog_cxx_g=yes
ac_cv_prog_f77_g=yes
ac_cv_prog_make_make_set=yes
ac_cv_target=mipsel-unknown-linux-gnu
am_cv_CC_dependencies_compiler_type=gcc3
am_cv_CXX_dependencies_compiler_type=gcc3
lt_cv_deplibs_check_method=pass_all
lt_cv_file_magic_cmd='$MAGIC_CMD'
lt_cv_file_magic_test_file=
lt_cv_ld_reload_flag=-r
lt_cv_objdir=.libs
lt_cv_path_LD=mipsel-linux-ld
lt_cv_path_LDCXX=mipsel-linux-ld
lt_cv_path_NM=mipsel-linux-nm
lt_cv_path_SED=/bin/sed
lt_cv_prog_compiler_c_o=yes
lt_cv_prog_compiler_c_o_CXX=yes
lt_cv_prog_compiler_c_o_F77=yes
lt_cv_prog_compiler_rtti_exceptions=no
lt_cv_prog_gnu_ld=yes
lt_cv_prog_gnu_ldcxx=yes
lt_cv_sys_global_symbol_pipe='sed -n -e '\''s/^.*[ 	]\([ABCDGIRSTW][ABCDGIRSTW]*\)[ 	][ 	]*\([_A-Za-z][_A-Za-z0-9]*\)$/\1 \2 \2/p'\'''
lt_cv_sys_global_symbol_to_c_name_address='sed -n -e '\''s/^: \([^ ]*\) $/  {\"\1\", (lt_ptr) 0},/p'\'' -e '\''s/^[BCDEGRST] \([^ ]*\) \([^ ]*\)$/  {"\2", (lt_ptr) \&\2},/p'\'''
lt_cv_sys_global_symbol_to_cdecl='sed -n -e '\''s/^. .* \(.*\)$/extern int \1;/p'\'''
lt_cv_sys_max_cmd_len=1966080
lt_lt_cv_prog_compiler_c_o='"yes"'
lt_lt_cv_prog_compiler_c_o_CXX='"yes"'
lt_lt_cv_prog_compiler_c_o_F77='"yes"'
lt_lt_cv_sys_global_symbol_pipe='"sed -n -e '\''s/^.*[ 	]\\([ABCDGIRSTW][ABCDGIRSTW]*\\)[ 	][ 	]*\\([_A-Za-z][_A-Za-z0-9]*\\)\$/\\1 \\2 \\2/p'\''"'
lt_lt_cv_sys_global_symbol_to_c_name_address='"sed -n -e '\''s/^: \\([^ ]*\\) \$/  {\\\"\\1\\\", (lt_ptr) 0},/p'\'' -e '\''s/^[BCDEGRST] \\([^ ]*\\) \\([^ ]*\\)\$/  {\"\\2\", (lt_ptr) \\&\\2},/p'\''"'
lt_lt_cv_sys_global_symbol_to_cdecl='"sed -n -e '\''s/^. .* \\(.*\\)\$/extern int \\1;/p'\''"'
pkg_cv_LIBNFNETLINK_CFLAGS=-I/home/zhangtianchuan/Gpl819/DIR819/build/tmpdist/include
pkg_cv_LIBNFNETLINK_LIBS='-L/home/zhangtianchuan/Gpl819/DIR819/build/tmpdist/lib -lnfnetlink'

## ----------------- ##
## Output variables. ##
## ----------------- ##

ACLOCAL='${SHELL} /home/zhangtianchuan/Gpl819/DIR819/build.DIR-819/opensource/libnetfilter_conntrack/libnetfilter_conntrack-0.0.89/missing --run aclocal-1.7'
AMDEPBACKSLASH='\'
AMDEP_FALSE='#'
AMDEP_TRUE=''
AMTAR='${SHELL} /home/zhangtianchuan/Gpl819/DIR819/build.DIR-819/opensource/libnetfilter_conntrack/libnetfilter_conntrack-0.0.89/missing --run tar'
AR='mipsel-linux-ar'
AUTOCONF='${SHELL} /home/zhangtianchuan/Gpl819/DIR819/build.DIR-819/opensource/libnetfilter_conntrack/libnetfilter_conntrack-0.0.89/missing --run autoconf'
AUTOHEADER='${SHELL} /home/zhangtianchuan/Gpl819/DIR819/build.DIR-819/opensource/libnetfilter_conntrack/libnetfilter_conntrack-0.0.89/missing --run autoheader'
AUTOMAKE='${SHELL} /home/zhangtianchuan/Gpl819/DIR819/build.DIR-819/opensource/libnetfilter_conntrack/libnetfilter_conntrack-0.0.89/missing --run automake-1.7'
AWK='awk'
CC='mipsel-linux-gcc'
CCDEPMODE='depmode=gcc3'
CFLAGS='-Dlinux -D__linux__ -Dunix  -D_LINUX_2_6_ -I. -I/opt/buildroot-gcc342/mipsel-linux//include -I/home/zhangtianchuan/Gpl819/DIR819/build/kernel/linux-2.6.36.x/include -I/opt/buildroot-gcc342/mipsel-linux//../lib/gcc-lib/mips-linux-uclibc/3.3.5/include -DLIBNETFILTER_CONNTRACK_DIR=\"${exec_prefix}/lib/libnetfilter_conntrack/\" -I/home/zhangtianchuan/Gpl819/DIR819/build/tmpdist/include'
CPP='mipsel-linux-gcc -E'
CPPFLAGS=''
CXX='mipsel-linux-g++'
CXXCPP='mipsel-linux-g++ -E'
CXXDEPMODE='depmode=gcc3'
CXXFLAGS='-g -O2'
CYGPATH_W='echo'
DEFS='-DPACKAGE_NAME=\"\" -DPACKAGE_TARNAME=\"\" -DPACKAGE_VERSION=\"\" -DPACKAGE_STRING=\"\" -DPACKAGE_BUGREPORT=\"\" -DPACKAGE_URL=\"\" -DPACKAGE=\"libnetfilter_conntrack\" -DVERSION=\"0.0.89\" -DSTDC_HEADERS=1 -DHAVE_SYS_TYPES_H=1 -DHAVE_SYS_STAT_H=1 -DHAVE_STDLIB_H=1 -DHAVE_STRING_H=1 -DHAVE_MEMORY_H=1 -DHAVE_STRINGS_H=1 -DHAVE_INTTYPES_H=1 -DHAVE_STDINT_H=1 -DHAVE_UNISTD_H=1 -DHAVE_DLFCN_H=1 -DHAVE_ARPA_INET_H=1 -DHAVE_INET_NTOP=1'
DEPDIR='.deps'
ECHO='echo'
ECHO_C=''
ECHO_N='-n'
ECHO_T=''
EGREP='/bin/grep -E'
EXEEXT=''
F77='gfortran'
FFLAGS='-g -O2'
GREP='/bin/grep'
INSTALL_DATA='${INSTALL} -m 644'
INSTALL_PROGRAM='${INSTALL}'
INSTALL_SCRIPT='${INSTALL}'
INSTALL_STRIP_PROGRAM='${SHELL} $(install_sh) -c -s'
LDFLAGS=''
LIBNFCONNTRACK_LIBS='-L/home/zhangtianchuan/Gpl819/DIR819/build/tmpdist/lib -lnfnetlink'
LIBNFNETLINK_CFLAGS='-I/home/zhangtianchuan/Gpl819/DIR819/build/tmpdist/include'
LIBNFNETLINK_LIBS='-L/home/zhangtianchuan/Gpl819/DIR819/build/tmpdist/lib -lnfnetlink'
LIBOBJS=''
LIBS=''
LIBTOOL='$(SHELL) $(top_builddir)/libtool'
LIBTOOL_DEPS='./ltmain.sh'
LN_S='ln -s'
LTLIBOBJS=''
MAKEINFO='${SHELL} /home/zhangtianchuan/Gpl819/DIR819/build.DIR-819/opensource/libnetfilter_conntrack/libnetfilter_conntrack-0.0.89/missing --run makeinfo'
OBJEXT='o'
PACKAGE='libnetfilter_conntrack'
PACKAGE_BUGREPORT=''
PACKAGE_NAME=''
PACKAGE_STRING=''
PACKAGE_TARNAME=''
PACKAGE_URL=''
PACKAGE_VERSION=''
PATH_SEPARATOR=':'
PKG_CONFIG='/usr/bin/pkg-config'
RANLIB='mipsel-linux-ranlib'
SED='/bin/sed'
SET_MAKE=''
SHELL='/bin/sh'
STRIP='mipsel-linux-strip'
VERSION='0.0.89'
ac_ct_CC=''
ac_ct_CXX=''
ac_ct_F77='gfortran'
am__fastdepCC_FALSE='#'
am__fastdepCC_TRUE=''
am__fastdepCXX_FALSE='#'
am__fastdepCXX_TRUE=''
am__include='include'
am__leading_dot='.'
am__quote=''
bindir='${exec_prefix}/bin'
build='i686-pc-linux-gnu'
build_alias=''
build_cpu='i686'
build_os='linux-gnu'
build_vendor='pc'
datadir='${datarootdir}'
datarootdir='${prefix}/share'
docdir='${datarootdir}/doc/${PACKAGE}'
dvidir='${docdir}'
exec_prefix='${prefix}'
host='mipsel-unknown-linux-gnu'
host_alias='mipsel-linux'
host_cpu='mipsel'
host_os='linux-gnu'
host_vendor='unknown'
htmldir='${docdir}'
includedir='${prefix}/include'
infodir='${datarootdir}/info'
install_sh='/home/zhangtianchuan/Gpl819/DIR819/build.DIR-819/opensource/libnetfilter_conntrack/libnetfilter_conntrack-0.0.89/install-sh'
libdir='${exec_prefix}/lib'
libexecdir='${exec_prefix}/libexec'
localedir='${datarootdir}/locale'
localstatedir='${prefix}/var'
mandir='${datarootdir}/man'
oldincludedir='/usr/include'
pdfdir='${docdir}'
prefix='/home/zhangtianchuan/Gpl819/DIR819/build/tmpdist'
program_transform_name='s,x,x,'
psdir='${docdir}'
sbindir='${exec_prefix}/sbin'
sharedstatedir='${prefix}/com'
sysconfdir='${prefix}/etc'
target='mipsel-unknown-linux-gnu'
target_alias=''
target_cpu='mipsel'
target_os='linux-gnu'
target_vendor='unknown'

## ----------- ##
## confdefs.h. ##
## ----------- ##

/* confdefs.h */
#define PACKAGE_NAME ""
#define PACKAGE_TARNAME ""
#define PACKAGE_VERSION ""
#define PACKAGE_STRING ""
#define PACKAGE_BUGREPORT ""
#define PACKAGE_URL ""
#define PACKAGE "libnetfilter_conntrack"
#define VERSION "0.0.89"
#define STDC_HEADERS 1
#define HAVE_SYS_TYPES_H 1
#define HAVE_SYS_STAT_H 1
#define HAVE_STDLIB_H 1
#define HAVE_STRING_H 1
#define HAVE_MEMORY_H 1
#define HAVE_STRINGS_H 1
#define HAVE_INTTYPES_H 1
#define HAVE_STDINT_H 1
#define HAVE_UNISTD_H 1
#define HAVE_DLFCN_H 1
#define HAVE_ARPA_INET_H 1
#define HAVE_INET_NTOP 1

configure: exit 0

## ---------------------- ##
## Running config.status. ##
## ---------------------- ##

This file was extended by config.status, which was
generated by GNU Autoconf 2.65.  Invocation command line was

  CONFIG_FILES    = 
  CONFIG_HEADERS  = 
  CONFIG_LINKS    = 
  CONFIG_COMMANDS = 
  $ ./config.status Makefile

on wireless

config.status:811: creating Makefile

## ---------------------- ##
## Running config.status. ##
## ---------------------- ##

This file was extended by config.status, which was
generated by GNU Autoconf 2.65.  Invocation command line was

  CONFIG_FILES    = 
  CONFIG_HEADERS  = 
  CONFIG_LINKS    = 
  CONFIG_COMMANDS = 
  $ ./config.status include/Makefile

on wireless

config.status:811: creating include/Makefile

## ---------------------- ##
## Running config.status. ##
## ---------------------- ##

This file was extended by config.status, which was
generated by GNU Autoconf 2.65.  Invocation command line was

  CONFIG_FILES    = 
  CONFIG_HEADERS  = 
  CONFIG_LINKS    = 
  CONFIG_COMMANDS = 
  $ ./config.status include/libnetfilter_conntrack/Makefile

on wireless

config.status:811: creating include/libnetfilter_conntrack/Makefile

## ---------------------- ##
## Running config.status. ##
## ---------------------- ##

This file was extended by config.status, which was
generated by GNU Autoconf 2.65.  Invocation command line was

  CONFIG_FILES    = 
  CONFIG_HEADERS  = 
  CONFIG_LINKS    = 
  CONFIG_COMMANDS = 
  $ ./config.status src/Makefile depfiles

on wireless

config.status:811: creating src/Makefile
config.status:968: executing depfiles commands

## ---------------------- ##
## Running config.status. ##
## ---------------------- ##

This file was extended by config.status, which was
generated by GNU Autoconf 2.65.  Invocation command line was

  CONFIG_FILES    = 
  CONFIG_HEADERS  = 
  CONFIG_LINKS    = 
  CONFIG_COMMANDS = 
  $ ./config.status src/conntrack/Makefile depfiles

on wireless

config.status:811: creating src/conntrack/Makefile
config.status:968: executing depfiles commands

## ---------------------- ##
## Running config.status. ##
## ---------------------- ##

This file was extended by config.status, which was
generated by GNU Autoconf 2.65.  Invocation command line was

  CONFIG_FILES    = 
  CONFIG_HEADERS  = 
  CONFIG_LINKS    = 
  CONFIG_COMMANDS = 
  $ ./config.status src/expect/Makefile depfiles

on wireless

config.status:811: creating src/expect/Makefile
config.status:968: executing depfiles commands

## ---------------------- ##
## Running config.status. ##
## ---------------------- ##

This file was extended by config.status, which was
generated by GNU Autoconf 2.65.  Invocation command line was

  CONFIG_FILES    = 
  CONFIG_HEADERS  = 
  CONFIG_LINKS    = 
  CONFIG_COMMANDS = 
  $ ./config.status src/deprecated/Makefile

on wireless

config.status:811: creating src/deprecated/Makefile

## ---------------------- ##
## Running config.status. ##
## ---------------------- ##

This file was extended by config.status, which was
generated by GNU Autoconf 2.65.  Invocation command line was

  CONFIG_FILES    = 
  CONFIG_HEADERS  = 
  CONFIG_LINKS    = 
  CONFIG_COMMANDS = 
  $ ./config.status src/deprecated/extensions/Makefile

on wireless

config.status:811: creating src/deprecated/extensions/Makefile

## ---------------------- ##
## Running config.status. ##
## ---------------------- ##

This file was extended by config.status, which was
generated by GNU Autoconf 2.65.  Invocation command line was

  CONFIG_FILES    = 
  CONFIG_HEADERS  = 
  CONFIG_LINKS    = 
  CONFIG_COMMANDS = 
  $ ./config.status src/deprecated/l3extensions/Makefile depfiles

on wireless

config.status:811: creating src/deprecated/l3extensions/Makefile
config.status:968: executing depfiles commands

## ---------------------- ##
## Running config.status. ##
## ---------------------- ##

This file was extended by config.status, which was
generated by GNU Autoconf 2.65.  Invocation command line was

  CONFIG_FILES    = 
  CONFIG_HEADERS  = 
  CONFIG_LINKS    = 
  CONFIG_COMMANDS = 
  $ ./config.status utils/Makefile depfiles

on wireless

config.status:811: creating utils/Makefile
config.status:968: executing depfiles commands

## ---------------------- ##
## Running config.status. ##
## ---------------------- ##

This file was extended by config.status, which was
generated by GNU Autoconf 2.65.  Invocation command line was

  CONFIG_FILES    = 
  CONFIG_HEADERS  = 
  CONFIG_LINKS    = 
  CONFIG_COMMANDS = 
  $ ./config.status libnetfilter_conntrack.pc

on wireless

config.status:811: creating libnetfilter_conntrack.pc
